[debug] [2022-07-31T10:16:13.239Z] ----------------------------------------------------------------------
[debug] [2022-07-31T10:16:13.240Z] Command:       /usr/local/bin/node /usr/local/bin/firebase init hosting
[debug] [2022-07-31T10:16:13.241Z] CLI Version:   11.4.0
[debug] [2022-07-31T10:16:13.241Z] Platform:      darwin
[debug] [2022-07-31T10:16:13.241Z] Node Version:  v16.15.0
[debug] [2022-07-31T10:16:13.242Z] Time:          Sun Jul 31 2022 11:16:13 GMT+0100 (West Africa Standard Time)
[debug] [2022-07-31T10:16:13.242Z] ----------------------------------------------------------------------
[debug] 
[debug] [2022-07-31T10:16:13.248Z] > command requires scopes: ["email","openid","https://www.googleapis.com/auth/cloudplatformprojects.readonly","https://www.googleapis.com/auth/firebase","https://www.googleapis.com/auth/cloud-platform"]
[debug] [2022-07-31T10:16:13.248Z] > authorizing via signed-in user (mhaonmac@gmail.com)
[info] 
     ######## #### ########  ######## ########     ###     ######  ########
     ##        ##  ##     ## ##       ##     ##  ##   ##  ##       ##
     ######    ##  ########  ######   ########  #########  ######  ######
     ##        ##  ##    ##  ##       ##     ## ##     ##       ## ##
     ##       #### ##     ## ######## ########  ##     ##  ######  ########

You're about to initialize a Firebase project in this directory:

  /Users/malhassan/mhareact

[info] 
=== Project Setup
[info] 
[info] First, let's associate this project directory with a Firebase project.
[info] You can create multiple project aliases by running firebase use --add, 
[info] but for now we'll just set up a default project.
[info] 
[info] i  If you want to create a project in a Google Cloud organization or folder, please use "firebase projects:create" instead, and return to this command when you've created the project. 
[debug] [2022-07-31T10:18:48.193Z] >>> [apiv2][query] POST https://cloudresourcemanager.googleapis.com/v1/projects [none]
[debug] [2022-07-31T10:18:48.193Z] >>> [apiv2][body] POST https://cloudresourcemanager.googleapis.com/v1/projects {"projectId":"i","name":"mhareact22"}
[debug] [2022-07-31T10:18:49.051Z] <<< [apiv2][status] POST https://cloudresourcemanager.googleapis.com/v1/projects 400
[debug] [2022-07-31T10:18:49.051Z] <<< [apiv2][body] POST https://cloudresourcemanager.googleapis.com/v1/projects {"error":{"code":400,"message":"Request contains an invalid argument.","status":"INVALID_ARGUMENT","details":[{"@type":"type.googleapis.com/google.rpc.BadRequest","fieldViolations":[{"field":"project_id","description":"project_id must be at least 6 characters long"},{"field":"project_id","description":"project_id contains invalid characters"}]},{"@type":"type.googleapis.com/google.rpc.Help","links":[{"url":"https://cloud.google.com/resource-manager/reference/rest/v1/projects"}]}]}}
[debug] [2022-07-31T10:18:49.982Z] FirebaseError: HTTP Error: 400, Request contains an invalid argument.
    at responseToError (/usr/local/lib/node_modules/firebase-tools/lib/responseToError.js:49:12)
    at RetryOperation._fn (/usr/local/lib/node_modules/firebase-tools/lib/apiv2.js:288:77)
    at processTicksAndRejections (node:internal/process/task_queues:96:5)
[error] 
[error] Error: Failed to create project. See firebase-debug.log for more info.
[debug] [2022-07-31T10:19:13.660Z] ----------------------------------------------------------------------
[debug] [2022-07-31T10:19:13.662Z] Command:       /usr/local/bin/node /usr/local/bin/firebase init hosting
[debug] [2022-07-31T10:19:13.663Z] CLI Version:   11.4.0
[debug] [2022-07-31T10:19:13.663Z] Platform:      darwin
[debug] [2022-07-31T10:19:13.663Z] Node Version:  v16.15.0
[debug] [2022-07-31T10:19:13.664Z] Time:          Sun Jul 31 2022 11:19:13 GMT+0100 (West Africa Standard Time)
[debug] [2022-07-31T10:19:13.664Z] ----------------------------------------------------------------------
[debug] 
[debug] [2022-07-31T10:19:13.670Z] > command requires scopes: ["email","openid","https://www.googleapis.com/auth/cloudplatformprojects.readonly","https://www.googleapis.com/auth/firebase","https://www.googleapis.com/auth/cloud-platform"]
[debug] [2022-07-31T10:19:13.670Z] > authorizing via signed-in user (mhaonmac@gmail.com)
[info] 
     ######## #### ########  ######## ########     ###     ######  ########
     ##        ##  ##     ## ##       ##     ##  ##   ##  ##       ##
     ######    ##  ########  ######   ########  #########  ######  ######
     ##        ##  ##    ##  ##       ##     ## ##     ##       ## ##
     ##       #### ##     ## ######## ########  ##     ##  ######  ########

You're about to initialize a Firebase project in this directory:

  /Users/malhassan/mhareact

[info] 
=== Project Setup
[info] 
[info] First, let's associate this project directory with a Firebase project.
[info] You can create multiple project aliases by running firebase use --add, 
[info] but for now we'll just set up a default project.
[info] 
[debug] [2022-07-31T10:19:19.290Z] >>> [apiv2][query] GET https://firebase.googleapis.com/v1beta1/projects pageSize=100
[debug] [2022-07-31T10:19:20.487Z] <<< [apiv2][status] GET https://firebase.googleapis.com/v1beta1/projects 200
[debug] [2022-07-31T10:19:20.488Z] <<< [apiv2][body] GET https://firebase.googleapis.com/v1beta1/projects [omitted]
[info] i  Using project mhareact-97648 (mhaReact) 
[info] 
=== Hosting Setup
[info] 
[info] Your public directory is the folder (relative to your project directory) that
[info] will contain Hosting assets to be uploaded with firebase deploy. If you
[info] have a build process for your assets, use your build's output directory.
[info] 
[debug] [2022-07-31T10:19:56.511Z] >>> [apiv2][query] GET https://www.gstatic.com/firebasejs/releases.json [none]
[debug] [2022-07-31T10:19:57.163Z] <<< [apiv2][status] GET https://www.gstatic.com/firebasejs/releases.json 200
[debug] [2022-07-31T10:19:57.163Z] <<< [apiv2][body] GET https://www.gstatic.com/firebasejs/releases.json {"current":{"version":"9.9.1","browserURL":"https://www.gstatic.com/firebasejs/9.9.1/firebase.js","packageURL":"https://www.gstatic.com/firebasejs/9.9.1/firebase.tgz"},"live":{"version":"9.9","browserURL":"https://www.gstatic.com/firebasejs/live/9.9/firebase.js","packageURL":"https://www.gstatic.com/firebasejs/live/9.9/firebase.tgz"},"components":{"analytics":"https://www.gstatic.com/firebasejs/9.9.1/firebase-analytics.js","app":"https://www.gstatic.com/firebasejs/9.9.1/firebase-app.js","app-check":"https://www.gstatic.com/firebasejs/9.9.1/firebase-app-check.js","auth":"https://www.gstatic.com/firebasejs/9.9.1/firebase-auth.js","auth/cordova":"https://www.gstatic.com/firebasejs/9.9.1/firebase-auth/cordova.js","auth/react-native":"https://www.gstatic.com/firebasejs/9.9.1/firebase-auth/react-native.js","functions":"https://www.gstatic.com/firebasejs/9.9.1/firebase-functions.js","firestore":"https://www.gstatic.com/firebasejs/9.9.1/firebase-firestore.js","firestore/lite":"https://www.gstatic.com/firebasejs/9.9.1/firebase-firestore/lite.js","installations":"https://www.gstatic.com/firebasejs/9.9.1/firebase-installations.js","storage":"https://www.gstatic.com/firebasejs/9.9.1/firebase-storage.js","performance":"https://www.gstatic.com/firebasejs/9.9.1/firebase-performance.js","remote-config":"https://www.gstatic.com/firebasejs/9.9.1/firebase-remote-config.js","messaging":"https://www.gstatic.com/firebasejs/9.9.1/firebase-messaging.js","messaging/sw":"https://www.gstatic.com/firebasejs/9.9.1/firebase-messaging/sw.js","database":"https://www.gstatic.com/firebasejs/9.9.1/firebase-database.js","firestore.memory":"https://www.gstatic.com/firebasejs/9.9.1/firebase-firestore.memory.js"}}
[info] ✔  Wrote public/index.html 
[info] 
[info] i  Detected a .git folder at /Users/malhassan 
[info] i  Authorizing with GitHub to upload your service account to a GitHub repository's secrets store. 
[info] 
[info] Visit this URL on this device to log in:
[info] https://github.com/login/oauth/authorize?client_id=89cf50f02ac6aaed3484&state=914613460&redirect_uri=http%3A%2F%2Flocalhost%3A9005&scope=read%3Auser%20repo%20public_repo
[info] 
[info] Waiting for authentication...
[debug] [2022-07-31T10:22:23.942Z] >>> [apiv2][query] POST https://github.com/login/oauth/access_token [none]
[debug] [2022-07-31T10:22:23.942Z] >>> [apiv2][body] POST https://github.com/login/oauth/access_token [stream]
[debug] [2022-07-31T10:22:28.607Z] <<< [apiv2][status] POST https://github.com/login/oauth/access_token 200
[debug] [2022-07-31T10:22:28.607Z] <<< [apiv2][body] POST https://github.com/login/oauth/access_token {"access_token":"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","token_type":"bearer","scope":"read:user,repo"}
[debug] [2022-07-31T10:22:28.612Z] >>> [apiv2][query] GET https://api.github.com/user [none]
[debug] [2022-07-31T10:22:29.534Z] <<< [apiv2][status] GET https://api.github.com/user 200
[debug] [2022-07-31T10:22:29.534Z] <<< [apiv2][body] GET https://api.github.com/user {"login":"mhaediketa","id":46560656,"node_id":"MDQ6VXNlcjQ2NTYwNjU2","avatar_url":"https://avatars.githubusercontent.com/u/46560656?v=4","gravatar_id":"","url":"https://api.github.com/users/mhaediketa","html_url":"https://github.com/mhaediketa","followers_url":"https://api.github.com/users/mhaediketa/followers","following_url":"https://api.github.com/users/mhaediketa/following{/other_user}","gists_url":"https://api.github.com/users/mhaediketa/gists{/gist_id}","starred_url":"https://api.github.com/users/mhaediketa/starred{/owner}{/repo}","subscriptions_url":"https://api.github.com/users/mhaediketa/subscriptions","organizations_url":"https://api.github.com/users/mhaediketa/orgs","repos_url":"https://api.github.com/users/mhaediketa/repos","events_url":"https://api.github.com/users/mhaediketa/events{/privacy}","received_events_url":"https://api.github.com/users/mhaediketa/received_events","type":"User","site_admin":false,"name":"M.H.Alhassan","company":null,"blog":"","location":null,"email":null,"hireable":null,"bio":null,"twitter_username":null,"public_repos":2,"public_gists":0,"followers":0,"following":0,"created_at":"2019-01-10T10:31:59Z","updated_at":"2022-07-31T10:22:08Z","private_gists":0,"total_private_repos":2,"owned_private_repos":2,"disk_usage":12,"collaborators":0,"two_factor_authentication":false,"plan":{"name":"free","space":976562499,"collaborators":0,"private_repos":10000}}
[info] 
[info] ✔  Success! Logged into GitHub as mhaediketa 
[info] 
